<?xml version="1.0" encoding="UTF-8"?>
<!-- Generated by org.testng.reporters.JUnitReportReporter -->
<testsuite skipped="0" hostname="KSP-PC" name="com.tests.InputForms_TestCases" tests="1" failures="0" timestamp="20 Sep 2019 03:16:27 GMT" time="28.157" errors="0">
  <testcase name="init" time="28.157" classname="com.tests.InputForms_TestCases"/>
</testsuite> <!-- com.tests.InputForms_TestCases -->
